0 verbose cli /Users/kellyjones-mbp/.nvm/versions/node/v22.20.0/bin/node /Users/kellyjones-mbp/.nvm/versions/node/v22.20.0/lib/node_modules/npm/bin/npm-cli.js
1 info using npm@10.9.3
2 info using node@v22.20.0
3 silly config load:file:/Users/kellyjones-mbp/.nvm/versions/node/v22.20.0/lib/node_modules/npm/npmrc
4 silly config load:file:/Users/kellyjones-mbp/Documents/side-learnings/SlopeSenders/.npmrc
5 silly config load:file:/Users/kellyjones-mbp/.npmrc
6 silly config load:file:/Users/kellyjones-mbp/.nvm/versions/node/v22.20.0/etc/npmrc
7 verbose title npm exec tailwindcss init -p
8 verbose argv "exec" "--" "tailwindcss" "init" "-p"
9 verbose logfile logs-max:10 dir:/Users/kellyjones-mbp/Documents/side-learnings/SlopeSenders/.npm-cache/_logs/2025-11-26T21_45_13_579Z-
10 verbose logfile /Users/kellyjones-mbp/Documents/side-learnings/SlopeSenders/.npm-cache/_logs/2025-11-26T21_45_13_579Z-debug-0.log
11 silly logfile done cleaning log files
12 silly packumentCache heap:4345298944 maxSize:1086324736 maxEntrySize:543162368
13 verbose stack Error: could not determine executable to run
13 verbose stack     at getBinFromManifest (/Users/kellyjones-mbp/.nvm/versions/node/v22.20.0/lib/node_modules/npm/node_modules/libnpmexec/lib/get-bin-from-manifest.js:17:23)
13 verbose stack     at exec (/Users/kellyjones-mbp/.nvm/versions/node/v22.20.0/lib/node_modules/npm/node_modules/libnpmexec/lib/index.js:202:15)
13 verbose stack     at async Npm.exec (/Users/kellyjones-mbp/.nvm/versions/node/v22.20.0/lib/node_modules/npm/lib/npm.js:207:9)
13 verbose stack     at async module.exports (/Users/kellyjones-mbp/.nvm/versions/node/v22.20.0/lib/node_modules/npm/lib/cli/entry.js:74:5)
14 verbose pkgid tailwindcss@4.1.17
15 error could not determine executable to run
16 verbose cwd /Users/kellyjones-mbp/Documents/side-learnings/SlopeSenders
17 verbose os Darwin 25.0.0
18 verbose node v22.20.0
19 verbose npm  v10.9.3
20 verbose exit 1
21 verbose code 1
22 error A complete log of this run can be found in: /Users/kellyjones-mbp/Documents/side-learnings/SlopeSenders/.npm-cache/_logs/2025-11-26T21_45_13_579Z-debug-0.log
