0 verbose cli /Users/kellyjones-mbp/.nvm/versions/node/v22.20.0/bin/node /Users/kellyjones-mbp/.nvm/versions/node/v22.20.0/bin/npm
1 info using npm@10.9.3
2 info using node@v22.20.0
3 silly config load:file:/Users/kellyjones-mbp/.nvm/versions/node/v22.20.0/lib/node_modules/npm/npmrc
4 silly config load:file:/Users/kellyjones-mbp/Documents/side-learnings/SlopeSenders/.npmrc
5 silly config load:file:/Users/kellyjones-mbp/.npmrc
6 silly config load:file:/Users/kellyjones-mbp/.nvm/versions/node/v22.20.0/etc/npmrc
7 verbose title npm install tailwindcss postcss autoprefixer
8 verbose argv "install" "--save-dev" "tailwindcss" "postcss" "autoprefixer"
9 verbose logfile logs-max:10 dir:/Users/kellyjones-mbp/Documents/side-learnings/SlopeSenders/.npm-cache/_logs/2025-11-26T21_45_04_290Z-
10 verbose logfile /Users/kellyjones-mbp/Documents/side-learnings/SlopeSenders/.npm-cache/_logs/2025-11-26T21_45_04_290Z-debug-0.log
11 silly logfile done cleaning log files
12 silly packumentCache heap:4345298944 maxSize:1086324736 maxEntrySize:543162368
13 silly idealTree buildDeps
14 silly fetch manifest tailwindcss@*
15 silly packumentCache full:https://registry.npmjs.org/tailwindcss cache-miss
16 verbose shrinkwrap failed to load node_modules/.package-lock.json out of date, updated: node_modules
17 http fetch GET 200 https://registry.npmjs.org/npm 244ms
18 http fetch GET 200 https://registry.npmjs.org/tailwindcss 248ms (cache miss)
19 silly packumentCache full:https://registry.npmjs.org/tailwindcss set size:undefined disposed:false
20 silly fetch manifest postcss@*
21 silly packumentCache full:https://registry.npmjs.org/postcss cache-miss
22 http fetch GET 200 https://registry.npmjs.org/postcss 99ms (cache miss)
23 silly packumentCache full:https://registry.npmjs.org/postcss set size:undefined disposed:false
24 silly fetch manifest autoprefixer@*
25 silly packumentCache full:https://registry.npmjs.org/autoprefixer cache-miss
26 http fetch GET 200 https://registry.npmjs.org/autoprefixer 41ms (cache miss)
27 silly packumentCache full:https://registry.npmjs.org/autoprefixer set size:undefined disposed:false
28 silly placeDep ROOT autoprefixer@10.4.22 OK for: slopesenders@0.0.0 want: *
29 silly placeDep ROOT postcss@8.5.6 REPLACE for: slopesenders@0.0.0 want: *
30 silly placeDep ROOT tailwindcss@4.1.17 OK for: slopesenders@0.0.0 want: *
31 silly fetch manifest fraction.js@^5.3.4
32 silly packumentCache full:https://registry.npmjs.org/fraction.js cache-miss
33 silly fetch manifest normalize-range@^0.1.2
34 silly packumentCache full:https://registry.npmjs.org/normalize-range cache-miss
35 silly fetch manifest postcss-value-parser@^4.2.0
36 silly packumentCache full:https://registry.npmjs.org/postcss-value-parser cache-miss
37 http fetch GET 200 https://registry.npmjs.org/normalize-range 35ms (cache miss)
38 silly packumentCache full:https://registry.npmjs.org/normalize-range set size:undefined disposed:false
39 http fetch GET 200 https://registry.npmjs.org/postcss-value-parser 100ms (cache miss)
40 silly packumentCache full:https://registry.npmjs.org/postcss-value-parser set size:undefined disposed:false
41 http fetch GET 200 https://registry.npmjs.org/fraction.js 125ms (cache miss)
42 silly packumentCache full:https://registry.npmjs.org/fraction.js set size:undefined disposed:false
43 silly placeDep ROOT fraction.js@5.3.4 OK for: autoprefixer@10.4.22 want: ^5.3.4
44 silly placeDep ROOT normalize-range@0.1.2 OK for: autoprefixer@10.4.22 want: ^0.1.2
45 silly placeDep ROOT postcss-value-parser@4.2.0 OK for: autoprefixer@10.4.22 want: ^4.2.0
46 silly reify moves {}
47 silly audit bulk request {
47 silly audit   '@babel/code-frame': [ '7.27.1' ],
47 silly audit   '@babel/compat-data': [ '7.28.5' ],
47 silly audit   '@babel/core': [ '7.28.5' ],
47 silly audit   semver: [ '6.3.1', '7.7.3' ],
47 silly audit   '@babel/generator': [ '7.28.5' ],
47 silly audit   '@babel/helper-annotate-as-pure': [ '7.27.3' ],
47 silly audit   '@babel/helper-compilation-targets': [ '7.27.2' ],
47 silly audit   '@babel/helper-create-class-features-plugin': [ '7.28.5' ],
47 silly audit   '@babel/helper-globals': [ '7.28.0' ],
47 silly audit   '@babel/helper-member-expression-to-functions': [ '7.28.5' ],
47 silly audit   '@babel/helper-module-imports': [ '7.27.1' ],
47 silly audit   '@babel/helper-module-transforms': [ '7.28.3' ],
47 silly audit   '@babel/helper-optimise-call-expression': [ '7.27.1' ],
47 silly audit   '@babel/helper-plugin-utils': [ '7.27.1' ],
47 silly audit   '@babel/helper-replace-supers': [ '7.27.1' ],
47 silly audit   '@babel/helper-skip-transparent-expression-wrappers': [ '7.27.1' ],
47 silly audit   '@babel/helper-string-parser': [ '7.27.1' ],
47 silly audit   '@babel/helper-validator-identifier': [ '7.28.5' ],
47 silly audit   '@babel/helper-validator-option': [ '7.27.1' ],
47 silly audit   '@babel/helpers': [ '7.28.4' ],
47 silly audit   '@babel/parser': [ '7.28.5' ],
47 silly audit   '@babel/plugin-proposal-decorators': [ '7.28.0' ],
47 silly audit   '@babel/plugin-syntax-decorators': [ '7.27.1' ],
47 silly audit   '@babel/plugin-syntax-import-attributes': [ '7.27.1' ],
47 silly audit   '@babel/plugin-syntax-import-meta': [ '7.10.4' ],
47 silly audit   '@babel/plugin-syntax-jsx': [ '7.27.1' ],
47 silly audit   '@babel/plugin-syntax-typescript': [ '7.27.1' ],
47 silly audit   '@babel/plugin-transform-typescript': [ '7.28.5' ],
47 silly audit   '@babel/template': [ '7.27.2' ],
47 silly audit   '@babel/traverse': [ '7.28.5' ],
47 silly audit   '@babel/types': [ '7.28.5' ],
47 silly audit   '@esbuild/aix-ppc64': [ '0.25.12' ],
47 silly audit   '@esbuild/android-arm': [ '0.25.12' ],
47 silly audit   '@esbuild/android-arm64': [ '0.25.12' ],
47 silly audit   '@esbuild/android-x64': [ '0.25.12' ],
47 silly audit   '@esbuild/darwin-arm64': [ '0.25.12' ],
47 silly audit   '@esbuild/darwin-x64': [ '0.25.12' ],
47 silly audit   '@esbuild/freebsd-arm64': [ '0.25.12' ],
47 silly audit   '@esbuild/freebsd-x64': [ '0.25.12' ],
47 silly audit   '@esbuild/linux-arm': [ '0.25.12' ],
47 silly audit   '@esbuild/linux-arm64': [ '0.25.12' ],
47 silly audit   '@esbuild/linux-ia32': [ '0.25.12' ],
47 silly audit   '@esbuild/linux-loong64': [ '0.25.12' ],
47 silly audit   '@esbuild/linux-mips64el': [ '0.25.12' ],
47 silly audit   '@esbuild/linux-ppc64': [ '0.25.12' ],
47 silly audit   '@esbuild/linux-riscv64': [ '0.25.12' ],
47 silly audit   '@esbuild/linux-s390x': [ '0.25.12' ],
47 silly audit   '@esbuild/linux-x64': [ '0.25.12' ],
47 silly audit   '@esbuild/netbsd-arm64': [ '0.25.12' ],
47 silly audit   '@esbuild/netbsd-x64': [ '0.25.12' ],
47 silly audit   '@esbuild/openbsd-arm64': [ '0.25.12' ],
47 silly audit   '@esbuild/openbsd-x64': [ '0.25.12' ],
47 silly audit   '@esbuild/openharmony-arm64': [ '0.25.12' ],
47 silly audit   '@esbuild/sunos-x64': [ '0.25.12' ],
47 silly audit   '@esbuild/win32-arm64': [ '0.25.12' ],
47 silly audit   '@esbuild/win32-ia32': [ '0.25.12' ],
47 silly audit   '@esbuild/win32-x64': [ '0.25.12' ],
47 silly audit   '@eslint-community/eslint-utils': [ '4.9.0' ],
47 silly audit   '@eslint-community/regexpp': [ '4.12.2' ],
47 silly audit   '@eslint/config-array': [ '0.21.1' ],
47 silly audit   'brace-expansion': [ '1.1.12', '2.0.2' ],
47 silly audit   minimatch: [ '3.1.2', '9.0.5' ],
47 silly audit   '@eslint/config-helpers': [ '0.4.2' ],
47 silly audit   '@eslint/core': [ '0.17.0' ],
47 silly audit   '@eslint/eslintrc': [ '3.3.1' ],
47 silly audit   '@eslint/js': [ '9.39.1' ],
47 silly audit   '@eslint/object-schema': [ '2.1.7' ],
47 silly audit   '@eslint/plugin-kit': [ '0.4.1' ],
47 silly audit   '@humanfs/core': [ '0.19.1' ],
47 silly audit   '@humanfs/node': [ '0.16.7' ],
47 silly audit   '@humanwhocodes/module-importer': [ '1.0.1' ],
47 silly audit   '@humanwhocodes/retry': [ '0.4.3' ],
47 silly audit   '@jridgewell/gen-mapping': [ '0.3.13' ],
47 silly audit   '@jridgewell/remapping': [ '2.3.5' ],
47 silly audit   '@jridgewell/resolve-uri': [ '3.1.2' ],
47 silly audit   '@jridgewell/sourcemap-codec': [ '1.5.5' ],
47 silly audit   '@jridgewell/trace-mapping': [ '0.3.31' ],
47 silly audit   '@nodelib/fs.scandir': [ '2.1.5' ],
47 silly audit   '@nodelib/fs.stat': [ '2.0.5' ],
47 silly audit   '@nodelib/fs.walk': [ '1.2.8' ],
47 silly audit   '@pkgr/core': [ '0.2.9' ],
47 silly audit   '@polka/url': [ '1.0.0-next.29' ],
47 silly audit   '@rolldown/pluginutils': [ '1.0.0-beta.50' ],
47 silly audit   '@rollup/rollup-android-arm-eabi': [ '4.53.3' ],
47 silly audit   '@rollup/rollup-android-arm64': [ '4.53.3' ],
47 silly audit   '@rollup/rollup-darwin-arm64': [ '4.53.3' ],
47 silly audit   '@rollup/rollup-darwin-x64': [ '4.53.3' ],
47 silly audit   '@rollup/rollup-freebsd-arm64': [ '4.53.3' ],
47 silly audit   '@rollup/rollup-freebsd-x64': [ '4.53.3' ],
47 silly audit   '@rollup/rollup-linux-arm-gnueabihf': [ '4.53.3' ],
47 silly audit   '@rollup/rollup-linux-arm-musleabihf': [ '4.53.3' ],
47 silly audit   '@rollup/rollup-linux-arm64-gnu': [ '4.53.3' ],
47 silly audit   '@rollup/rollup-linux-arm64-musl': [ '4.53.3' ],
47 silly audit   '@rollup/rollup-linux-loong64-gnu': [ '4.53.3' ],
47 silly audit   '@rollup/rollup-linux-ppc64-gnu': [ '4.53.3' ],
47 silly audit   '@rollup/rollup-linux-riscv64-gnu': [ '4.53.3' ],
47 silly audit   '@rollup/rollup-linux-riscv64-musl': [ '4.53.3' ],
47 silly audit   '@rollup/rollup-linux-s390x-gnu': [ '4.53.3' ],
47 silly audit   '@rollup/rollup-linux-x64-gnu': [ '4.53.3' ],
47 silly audit   '@rollup/rollup-linux-x64-musl': [ '4.53.3' ],
47 silly audit   '@rollup/rollup-openharmony-arm64': [ '4.53.3' ],
47 silly audit   '@rollup/rollup-win32-arm64-msvc': [ '4.53.3' ],
47 silly audit   '@rollup/rollup-win32-ia32-msvc': [ '4.53.3' ],
47 silly audit   '@rollup/rollup-win32-x64-gnu': [ '4.53.3' ],
47 silly audit   '@rollup/rollup-win32-x64-msvc': [ '4.53.3' ],
47 silly audit   '@tsconfig/node22': [ '22.0.5' ],
47 silly audit   '@types/estree': [ '1.0.8' ],
47 silly audit   '@types/json-schema': [ '7.0.15' ],
47 silly audit   '@types/node': [ '22.19.1' ],
47 silly audit   '@typescript-eslint/eslint-plugin': [ '8.48.0' ],
47 silly audit   ignore: [ '7.0.5', '5.3.2' ],
47 silly audit   '@typescript-eslint/parser': [ '8.48.0' ],
47 silly audit   '@typescript-eslint/project-service': [ '8.48.0' ],
47 silly audit   '@typescript-eslint/scope-manager': [ '8.48.0' ],
47 silly audit   '@typescript-eslint/tsconfig-utils': [ '8.48.0' ],
47 silly audit   '@typescript-eslint/type-utils': [ '8.48.0' ],
47 silly audit   '@typescript-eslint/types': [ '8.48.0' ],
47 silly audit   '@typescript-eslint/typescript-estree': [ '8.48.0' ],
47 silly audit   '@typescript-eslint/utils': [ '8.48.0' ],
47 silly audit   '@typescript-eslint/visitor-keys': [ '8.48.0' ],
47 silly audit   'eslint-visitor-keys': [ '4.2.1', '3.4.3' ],
47 silly audit   '@vitejs/plugin-vue': [ '6.0.2' ],
47 silly audit   '@volar/language-core': [ '2.4.23' ],
47 silly audit   '@volar/source-map': [ '2.4.23' ],
47 silly audit   '@volar/typescript': [ '2.4.23' ],
47 silly audit   '@vue/babel-helper-vue-transform-on': [ '1.5.0' ],
47 silly audit   '@vue/babel-plugin-jsx': [ '1.5.0' ],
47 silly audit   '@vue/babel-plugin-resolve-type': [ '1.5.0' ],
47 silly audit   '@vue/compiler-core': [ '3.5.25' ],
47 silly audit   '@vue/compiler-dom': [ '3.5.25' ],
47 silly audit   '@vue/compiler-sfc': [ '3.5.25' ],
47 silly audit   '@vue/compiler-ssr': [ '3.5.25' ],
47 silly audit   '@vue/devtools-api': [ '7.7.9', '6.6.4' ],
47 silly audit   '@vue/devtools-core': [ '8.0.5' ],
47 silly audit   '@vue/devtools-kit': [ '8.0.5', '7.7.9' ],
47 silly audit   '@vue/devtools-shared': [ '8.0.5', '7.7.9' ],
47 silly audit   nanoid: [ '5.1.6', '3.3.11' ],
47 silly audit   'perfect-debounce': [ '2.0.0', '1.0.0' ],
47 silly audit   '@vue/eslint-config-prettier': [ '10.2.0' ],
47 silly audit   '@vue/eslint-config-typescript': [ '14.6.0' ],
47 silly audit   '@vue/language-core': [ '3.1.5' ],
47 silly audit   picomatch: [ '4.0.3', '2.3.1' ],
47 silly audit   '@vue/reactivity': [ '3.5.25' ],
47 silly audit   '@vue/runtime-core': [ '3.5.25' ],
47 silly audit   '@vue/runtime-dom': [ '3.5.25' ],
47 silly audit   '@vue/server-renderer': [ '3.5.25' ],
47 silly audit   '@vue/shared': [ '3.5.25' ],
47 silly audit   '@vue/tsconfig': [ '0.8.1' ],
47 silly audit   acorn: [ '8.15.0' ],
47 silly audit   'acorn-jsx': [ '5.3.2' ],
47 silly audit   ajv: [ '6.12.6' ],
47 silly audit   'alien-signals': [ '3.1.0' ],
47 silly audit   'ansi-styles': [ '4.3.0', '6.2.3' ],
47 silly audit   ansis: [ '4.2.0' ],
47 silly audit   argparse: [ '2.0.1' ],
47 silly audit   'balanced-match': [ '1.0.2' ],
47 silly audit   'baseline-browser-mapping': [ '2.8.31' ],
47 silly audit   birpc: [ '2.8.0' ],
47 silly audit   boolbase: [ '1.0.0' ],
47 silly audit   braces: [ '3.0.3' ],
47 silly audit   browserslist: [ '4.28.0' ],
47 silly audit   'bundle-name': [ '4.1.0' ],
47 silly audit   callsites: [ '3.1.0' ],
47 silly audit   'caniuse-lite': [ '1.0.30001757' ],
47 silly audit   chalk: [ '4.1.2' ],
47 silly audit   'color-convert': [ '2.0.1' ],
47 silly audit   'color-name': [ '1.1.4' ],
47 silly audit   'concat-map': [ '0.0.1' ],
47 silly audit   'convert-source-map': [ '2.0.0' ],
47 silly audit   'copy-anything': [ '4.0.5' ],
47 silly audit   'cross-spawn': [ '7.0.6' ],
47 silly audit   cssesc: [ '3.0.0' ],
47 silly audit   csstype: [ '3.2.3' ],
47 silly audit   debug: [ '4.4.3' ],
47 silly audit   'deep-is': [ '0.1.4' ],
47 silly audit   'default-browser': [ '5.4.0' ],
47 silly audit   'default-browser-id': [ '5.0.1' ],
47 silly audit   'define-lazy-prop': [ '3.0.0' ],
47 silly audit   'electron-to-chromium': [ '1.5.260' ],
47 silly audit   entities: [ '4.5.0' ],
47 silly audit   'error-stack-parser-es': [ '1.0.5' ],
47 silly audit   esbuild: [ '0.25.12' ],
47 silly audit   escalade: [ '3.2.0' ],
47 silly audit   'escape-string-regexp': [ '4.0.0' ],
47 silly audit   eslint: [ '9.39.1' ],
47 silly audit   'eslint-config-prettier': [ '10.1.8' ],
47 silly audit   'eslint-plugin-prettier': [ '5.5.4' ],
47 silly audit   'eslint-plugin-vue': [ '10.5.1' ],
47 silly audit   'eslint-scope': [ '8.4.0' ],
47 silly audit   espree: [ '10.4.0' ],
47 silly audit   esquery: [ '1.6.0' ],
47 silly audit   esrecurse: [ '4.3.0' ],
47 silly audit   estraverse: [ '5.3.0' ],
47 silly audit   'estree-walker': [ '2.0.2' ],
47 silly audit   esutils: [ '2.0.3' ],
47 silly audit   'fast-deep-equal': [ '3.1.3' ],
47 silly audit   'fast-diff': [ '1.3.0' ],
47 silly audit   'fast-glob': [ '3.3.3' ],
47 silly audit   'glob-parent': [ '5.1.2', '6.0.2' ],
47 silly audit   'fast-json-stable-stringify': [ '2.1.0' ],
47 silly audit   'fast-levenshtein': [ '2.0.6' ],
47 silly audit   fastq: [ '1.19.1' ],
47 silly audit   'file-entry-cache': [ '8.0.0' ],
47 silly audit   'fill-range': [ '7.1.1' ],
47 silly audit   'find-up': [ '5.0.0' ],
47 silly audit   'flat-cache': [ '4.0.1' ],
47 silly audit   flatted: [ '3.3.3' ],
47 silly audit   fsevents: [ '2.3.3' ],
47 silly audit   gensync: [ '1.0.0-beta.2' ],
47 silly audit   globals: [ '14.0.0' ],
47 silly audit   graphemer: [ '1.4.0' ],
47 silly audit   'has-flag': [ '4.0.0' ],
47 silly audit   hookable: [ '5.5.3' ],
47 silly audit   'import-fresh': [ '3.3.1' ],
47 silly audit   imurmurhash: [ '0.1.4' ],
47 silly audit   'is-docker': [ '3.0.0' ],
47 silly audit   'is-extglob': [ '2.1.1' ],
47 silly audit   'is-glob': [ '4.0.3' ],
47 silly audit   'is-inside-container': [ '1.0.0' ],
47 silly audit   'is-number': [ '7.0.0' ],
47 silly audit   'is-what': [ '5.5.0' ],
47 silly audit   'is-wsl': [ '3.1.0' ],
47 silly audit   isexe: [ '2.0.0', '3.1.1' ],
47 silly audit   jiti: [ '2.6.1' ],
47 silly audit   'js-tokens': [ '4.0.0' ],
47 silly audit   'js-yaml': [ '4.1.1' ],
47 silly audit   jsesc: [ '3.1.0' ],
47 silly audit   'json-buffer': [ '3.0.1' ],
47 silly audit   'json-parse-even-better-errors': [ '4.0.0' ],
47 silly audit   'json-schema-traverse': [ '0.4.1' ],
47 silly audit   'json-stable-stringify-without-jsonify': [ '1.0.1' ],
47 silly audit   json5: [ '2.2.3' ],
47 silly audit   keyv: [ '4.5.4' ],
47 silly audit   kolorist: [ '1.8.0' ],
47 silly audit   levn: [ '0.4.1' ],
47 silly audit   'locate-path': [ '6.0.0' ],
47 silly audit   'lodash.merge': [ '4.6.2' ],
47 silly audit   'lru-cache': [ '5.1.1' ],
47 silly audit   'magic-string': [ '0.30.21' ],
47 silly audit   memorystream: [ '0.3.1' ],
47 silly audit   merge2: [ '1.4.1' ],
47 silly audit   micromatch: [ '4.0.8' ],
47 silly audit   mitt: [ '3.0.1' ],
47 silly audit   mrmime: [ '2.0.1' ],
47 silly audit   ms: [ '2.1.3' ],
47 silly audit   'muggle-string': [ '0.4.1' ],
47 silly audit   'natural-compare': [ '1.4.0' ],
47 silly audit   'node-releases': [ '2.0.27' ],
47 silly audit   'npm-normalize-package-bin': [ '4.0.0' ],
47 silly audit   'npm-run-all2': [ '8.0.4' ],
47 silly audit   which: [ '5.0.0', '2.0.2' ],
47 silly audit   'nth-check': [ '2.1.1' ],
47 silly audit   ohash: [ '2.0.11' ],
47 silly audit   open: [ '10.2.0' ],
47 silly audit   optionator: [ '0.9.4' ],
47 silly audit   'p-limit': [ '3.1.0' ],
47 silly audit   'p-locate': [ '5.0.0' ],
47 silly audit   'parent-module': [ '1.0.1' ],
47 silly audit   'path-browserify': [ '1.0.1' ],
47 silly audit   'path-exists': [ '4.0.0' ],
47 silly audit   'path-key': [ '3.1.1' ],
47 silly audit   pathe: [ '2.0.3' ],
47 silly audit   picocolors: [ '1.1.1' ],
47 silly audit   pidtree: [ '0.6.0' ],
47 silly audit   pinia: [ '3.0.4' ],
47 silly audit   'postcss-selector-parser': [ '6.1.2' ],
47 silly audit   'prelude-ls': [ '1.2.1' ],
47 silly audit   prettier: [ '3.6.2' ],
47 silly audit   'prettier-linter-helpers': [ '1.0.0' ],
47 silly audit   punycode: [ '2.3.1' ],
47 silly audit   'queue-microtask': [ '1.2.3' ],
47 silly audit   'read-package-json-fast': [ '4.0.0' ],
47 silly audit   'resolve-from': [ '4.0.0' ],
47 silly audit   reusify: [ '1.1.0' ],
47 silly audit   rfdc: [ '1.4.1' ],
47 silly audit   rollup: [ '4.53.3' ],
47 silly audit   'run-applescript': [ '7.1.0' ],
47 silly audit   'run-parallel': [ '1.2.0' ],
47 silly audit   'shebang-command': [ '2.0.0' ],
47 silly audit   'shebang-regex': [ '3.0.0' ],
47 silly audit   'shell-quote': [ '1.8.3' ],
47 silly audit   sirv: [ '3.0.2' ],
47 silly audit   'source-map-js': [ '1.2.1' ],
47 silly audit   speakingurl: [ '14.0.1' ],
47 silly audit   'strip-json-comments': [ '3.1.1' ],
47 silly audit   superjson: [ '2.2.5' ],
47 silly audit   'supports-color': [ '7.2.0' ],
47 silly audit   synckit: [ '0.11.11' ],
47 silly audit   tinyglobby: [ '0.2.15' ],
47 silly audit   fdir: [ '6.5.0' ],
47 silly audit   'to-regex-range': [ '5.0.1' ],
47 silly audit   totalist: [ '3.0.1' ],
47 silly audit   'ts-api-utils': [ '2.1.0' ],
47 silly audit   'type-check': [ '0.4.0' ],
47 silly audit   typescript: [ '5.9.3' ],
47 silly audit   'typescript-eslint': [ '8.48.0' ],
47 silly audit   'undici-types': [ '6.21.0' ],
47 silly audit   'unplugin-utils': [ '0.3.1' ],
47 silly audit   'update-browserslist-db': [ '1.1.4' ],
47 silly audit   'uri-js': [ '4.4.1' ],
47 silly audit   'util-deprecate': [ '1.0.2' ],
47 silly audit   vite: [ '7.2.4' ],
47 silly audit   'vite-dev-rpc': [ '1.1.0' ],
47 silly audit   'vite-hot-client': [ '2.1.0' ],
47 silly audit   'vite-plugin-inspect': [ '11.3.3' ],
47 silly audit   'vite-plugin-vue-devtools': [ '8.0.5' ],
47 silly audit   'vite-plugin-vue-inspector': [ '5.3.2' ],
47 silly audit   'vscode-uri': [ '3.1.0' ],
47 silly audit   vue: [ '3.5.25' ],
47 silly audit   'vue-eslint-parser': [ '10.2.0' ],
47 silly audit   'vue-router': [ '4.6.3' ],
47 silly audit   'vue-tsc': [ '3.1.5' ],
47 silly audit   'word-wrap': [ '1.2.5' ],
47 silly audit   'wsl-utils': [ '0.1.0' ],
47 silly audit   'xml-name-validator': [ '4.0.0' ],
47 silly audit   yallist: [ '3.1.1' ],
47 silly audit   'yocto-queue': [ '0.1.0' ],
47 silly audit   autoprefixer: [ '10.4.22' ],
47 silly audit   postcss: [ '8.5.6' ],
47 silly audit   tailwindcss: [ '4.1.17' ],
47 silly audit   'fraction.js': [ '5.3.4' ],
47 silly audit   'normalize-range': [ '0.1.2' ],
47 silly audit   'postcss-value-parser': [ '4.2.0' ]
47 silly audit }
48 verbose reify failed optional dependency /Users/kellyjones-mbp/Documents/side-learnings/SlopeSenders/node_modules/@rollup/rollup-win32-x64-msvc
49 silly reify mark deleted [
49 silly reify   '/Users/kellyjones-mbp/Documents/side-learnings/SlopeSenders/node_modules/@rollup/rollup-win32-x64-msvc'
49 silly reify ]
50 verbose reify failed optional dependency /Users/kellyjones-mbp/Documents/side-learnings/SlopeSenders/node_modules/@rollup/rollup-win32-x64-gnu
51 silly reify mark deleted [
51 silly reify   '/Users/kellyjones-mbp/Documents/side-learnings/SlopeSenders/node_modules/@rollup/rollup-win32-x64-gnu'
51 silly reify ]
52 verbose reify failed optional dependency /Users/kellyjones-mbp/Documents/side-learnings/SlopeSenders/node_modules/@rollup/rollup-win32-ia32-msvc
53 silly reify mark deleted [
53 silly reify   '/Users/kellyjones-mbp/Documents/side-learnings/SlopeSenders/node_modules/@rollup/rollup-win32-ia32-msvc'
53 silly reify ]
54 verbose reify failed optional dependency /Users/kellyjones-mbp/Documents/side-learnings/SlopeSenders/node_modules/@rollup/rollup-win32-arm64-msvc
55 silly reify mark deleted [
55 silly reify   '/Users/kellyjones-mbp/Documents/side-learnings/SlopeSenders/node_modules/@rollup/rollup-win32-arm64-msvc'
55 silly reify ]
56 verbose reify failed optional dependency /Users/kellyjones-mbp/Documents/side-learnings/SlopeSenders/node_modules/@rollup/rollup-openharmony-arm64
57 silly reify mark deleted [
57 silly reify   '/Users/kellyjones-mbp/Documents/side-learnings/SlopeSenders/node_modules/@rollup/rollup-openharmony-arm64'
57 silly reify ]
58 verbose reify failed optional dependency /Users/kellyjones-mbp/Documents/side-learnings/SlopeSenders/node_modules/@rollup/rollup-linux-x64-musl
59 silly reify mark deleted [
59 silly reify   '/Users/kellyjones-mbp/Documents/side-learnings/SlopeSenders/node_modules/@rollup/rollup-linux-x64-musl'
59 silly reify ]
60 verbose reify failed optional dependency /Users/kellyjones-mbp/Documents/side-learnings/SlopeSenders/node_modules/@rollup/rollup-linux-x64-gnu
61 silly reify mark deleted [
61 silly reify   '/Users/kellyjones-mbp/Documents/side-learnings/SlopeSenders/node_modules/@rollup/rollup-linux-x64-gnu'
61 silly reify ]
62 verbose reify failed optional dependency /Users/kellyjones-mbp/Documents/side-learnings/SlopeSenders/node_modules/@rollup/rollup-linux-s390x-gnu
63 silly reify mark deleted [
63 silly reify   '/Users/kellyjones-mbp/Documents/side-learnings/SlopeSenders/node_modules/@rollup/rollup-linux-s390x-gnu'
63 silly reify ]
64 verbose reify failed optional dependency /Users/kellyjones-mbp/Documents/side-learnings/SlopeSenders/node_modules/@rollup/rollup-linux-riscv64-musl
65 silly reify mark deleted [
65 silly reify   '/Users/kellyjones-mbp/Documents/side-learnings/SlopeSenders/node_modules/@rollup/rollup-linux-riscv64-musl'
65 silly reify ]
66 verbose reify failed optional dependency /Users/kellyjones-mbp/Documents/side-learnings/SlopeSenders/node_modules/@rollup/rollup-linux-riscv64-gnu
67 silly reify mark deleted [
67 silly reify   '/Users/kellyjones-mbp/Documents/side-learnings/SlopeSenders/node_modules/@rollup/rollup-linux-riscv64-gnu'
67 silly reify ]
68 verbose reify failed optional dependency /Users/kellyjones-mbp/Documents/side-learnings/SlopeSenders/node_modules/@rollup/rollup-linux-ppc64-gnu
69 silly reify mark deleted [
69 silly reify   '/Users/kellyjones-mbp/Documents/side-learnings/SlopeSenders/node_modules/@rollup/rollup-linux-ppc64-gnu'
69 silly reify ]
70 verbose reify failed optional dependency /Users/kellyjones-mbp/Documents/side-learnings/SlopeSenders/node_modules/@rollup/rollup-linux-loong64-gnu
71 silly reify mark deleted [
71 silly reify   '/Users/kellyjones-mbp/Documents/side-learnings/SlopeSenders/node_modules/@rollup/rollup-linux-loong64-gnu'
71 silly reify ]
72 verbose reify failed optional dependency /Users/kellyjones-mbp/Documents/side-learnings/SlopeSenders/node_modules/@rollup/rollup-linux-arm64-musl
73 silly reify mark deleted [
73 silly reify   '/Users/kellyjones-mbp/Documents/side-learnings/SlopeSenders/node_modules/@rollup/rollup-linux-arm64-musl'
73 silly reify ]
74 verbose reify failed optional dependency /Users/kellyjones-mbp/Documents/side-learnings/SlopeSenders/node_modules/@rollup/rollup-linux-arm64-gnu
75 silly reify mark deleted [
75 silly reify   '/Users/kellyjones-mbp/Documents/side-learnings/SlopeSenders/node_modules/@rollup/rollup-linux-arm64-gnu'
75 silly reify ]
76 verbose reify failed optional dependency /Users/kellyjones-mbp/Documents/side-learnings/SlopeSenders/node_modules/@rollup/rollup-linux-arm-musleabihf
77 silly reify mark deleted [
77 silly reify   '/Users/kellyjones-mbp/Documents/side-learnings/SlopeSenders/node_modules/@rollup/rollup-linux-arm-musleabihf'
77 silly reify ]
78 verbose reify failed optional dependency /Users/kellyjones-mbp/Documents/side-learnings/SlopeSenders/node_modules/@rollup/rollup-linux-arm-gnueabihf
79 silly reify mark deleted [
79 silly reify   '/Users/kellyjones-mbp/Documents/side-learnings/SlopeSenders/node_modules/@rollup/rollup-linux-arm-gnueabihf'
79 silly reify ]
80 verbose reify failed optional dependency /Users/kellyjones-mbp/Documents/side-learnings/SlopeSenders/node_modules/@rollup/rollup-freebsd-x64
81 silly reify mark deleted [
81 silly reify   '/Users/kellyjones-mbp/Documents/side-learnings/SlopeSenders/node_modules/@rollup/rollup-freebsd-x64'
81 silly reify ]
82 verbose reify failed optional dependency /Users/kellyjones-mbp/Documents/side-learnings/SlopeSenders/node_modules/@rollup/rollup-freebsd-arm64
83 silly reify mark deleted [
83 silly reify   '/Users/kellyjones-mbp/Documents/side-learnings/SlopeSenders/node_modules/@rollup/rollup-freebsd-arm64'
83 silly reify ]
84 verbose reify failed optional dependency /Users/kellyjones-mbp/Documents/side-learnings/SlopeSenders/node_modules/@rollup/rollup-darwin-x64
85 silly reify mark deleted [
85 silly reify   '/Users/kellyjones-mbp/Documents/side-learnings/SlopeSenders/node_modules/@rollup/rollup-darwin-x64'
85 silly reify ]
86 verbose reify failed optional dependency /Users/kellyjones-mbp/Documents/side-learnings/SlopeSenders/node_modules/@rollup/rollup-android-arm64
87 silly reify mark deleted [
87 silly reify   '/Users/kellyjones-mbp/Documents/side-learnings/SlopeSenders/node_modules/@rollup/rollup-android-arm64'
87 silly reify ]
88 verbose reify failed optional dependency /Users/kellyjones-mbp/Documents/side-learnings/SlopeSenders/node_modules/@rollup/rollup-android-arm-eabi
89 silly reify mark deleted [
89 silly reify   '/Users/kellyjones-mbp/Documents/side-learnings/SlopeSenders/node_modules/@rollup/rollup-android-arm-eabi'
89 silly reify ]
90 verbose reify failed optional dependency /Users/kellyjones-mbp/Documents/side-learnings/SlopeSenders/node_modules/@esbuild/win32-x64
91 silly reify mark deleted [
91 silly reify   '/Users/kellyjones-mbp/Documents/side-learnings/SlopeSenders/node_modules/@esbuild/win32-x64'
91 silly reify ]
92 verbose reify failed optional dependency /Users/kellyjones-mbp/Documents/side-learnings/SlopeSenders/node_modules/@esbuild/win32-ia32
93 silly reify mark deleted [
93 silly reify   '/Users/kellyjones-mbp/Documents/side-learnings/SlopeSenders/node_modules/@esbuild/win32-ia32'
93 silly reify ]
94 verbose reify failed optional dependency /Users/kellyjones-mbp/Documents/side-learnings/SlopeSenders/node_modules/@esbuild/win32-arm64
95 silly reify mark deleted [
95 silly reify   '/Users/kellyjones-mbp/Documents/side-learnings/SlopeSenders/node_modules/@esbuild/win32-arm64'
95 silly reify ]
96 verbose reify failed optional dependency /Users/kellyjones-mbp/Documents/side-learnings/SlopeSenders/node_modules/@esbuild/sunos-x64
97 silly reify mark deleted [
97 silly reify   '/Users/kellyjones-mbp/Documents/side-learnings/SlopeSenders/node_modules/@esbuild/sunos-x64'
97 silly reify ]
98 verbose reify failed optional dependency /Users/kellyjones-mbp/Documents/side-learnings/SlopeSenders/node_modules/@esbuild/openharmony-arm64
99 silly reify mark deleted [
99 silly reify   '/Users/kellyjones-mbp/Documents/side-learnings/SlopeSenders/node_modules/@esbuild/openharmony-arm64'
99 silly reify ]
100 verbose reify failed optional dependency /Users/kellyjones-mbp/Documents/side-learnings/SlopeSenders/node_modules/@esbuild/openbsd-x64
101 silly reify mark deleted [
101 silly reify   '/Users/kellyjones-mbp/Documents/side-learnings/SlopeSenders/node_modules/@esbuild/openbsd-x64'
101 silly reify ]
102 verbose reify failed optional dependency /Users/kellyjones-mbp/Documents/side-learnings/SlopeSenders/node_modules/@esbuild/openbsd-arm64
103 silly reify mark deleted [
103 silly reify   '/Users/kellyjones-mbp/Documents/side-learnings/SlopeSenders/node_modules/@esbuild/openbsd-arm64'
103 silly reify ]
104 verbose reify failed optional dependency /Users/kellyjones-mbp/Documents/side-learnings/SlopeSenders/node_modules/@esbuild/netbsd-x64
105 silly reify mark deleted [
105 silly reify   '/Users/kellyjones-mbp/Documents/side-learnings/SlopeSenders/node_modules/@esbuild/netbsd-x64'
105 silly reify ]
106 verbose reify failed optional dependency /Users/kellyjones-mbp/Documents/side-learnings/SlopeSenders/node_modules/@esbuild/netbsd-arm64
107 silly reify mark deleted [
107 silly reify   '/Users/kellyjones-mbp/Documents/side-learnings/SlopeSenders/node_modules/@esbuild/netbsd-arm64'
107 silly reify ]
108 verbose reify failed optional dependency /Users/kellyjones-mbp/Documents/side-learnings/SlopeSenders/node_modules/@esbuild/linux-x64
109 silly reify mark deleted [
109 silly reify   '/Users/kellyjones-mbp/Documents/side-learnings/SlopeSenders/node_modules/@esbuild/linux-x64'
109 silly reify ]
110 verbose reify failed optional dependency /Users/kellyjones-mbp/Documents/side-learnings/SlopeSenders/node_modules/@esbuild/linux-s390x
111 silly reify mark deleted [
111 silly reify   '/Users/kellyjones-mbp/Documents/side-learnings/SlopeSenders/node_modules/@esbuild/linux-s390x'
111 silly reify ]
112 verbose reify failed optional dependency /Users/kellyjones-mbp/Documents/side-learnings/SlopeSenders/node_modules/@esbuild/linux-riscv64
113 silly reify mark deleted [
113 silly reify   '/Users/kellyjones-mbp/Documents/side-learnings/SlopeSenders/node_modules/@esbuild/linux-riscv64'
113 silly reify ]
114 verbose reify failed optional dependency /Users/kellyjones-mbp/Documents/side-learnings/SlopeSenders/node_modules/@esbuild/linux-ppc64
115 silly reify mark deleted [
115 silly reify   '/Users/kellyjones-mbp/Documents/side-learnings/SlopeSenders/node_modules/@esbuild/linux-ppc64'
115 silly reify ]
116 verbose reify failed optional dependency /Users/kellyjones-mbp/Documents/side-learnings/SlopeSenders/node_modules/@esbuild/linux-mips64el
117 silly reify mark deleted [
117 silly reify   '/Users/kellyjones-mbp/Documents/side-learnings/SlopeSenders/node_modules/@esbuild/linux-mips64el'
117 silly reify ]
118 verbose reify failed optional dependency /Users/kellyjones-mbp/Documents/side-learnings/SlopeSenders/node_modules/@esbuild/linux-loong64
119 silly reify mark deleted [
119 silly reify   '/Users/kellyjones-mbp/Documents/side-learnings/SlopeSenders/node_modules/@esbuild/linux-loong64'
119 silly reify ]
120 verbose reify failed optional dependency /Users/kellyjones-mbp/Documents/side-learnings/SlopeSenders/node_modules/@esbuild/linux-ia32
121 silly reify mark deleted [
121 silly reify   '/Users/kellyjones-mbp/Documents/side-learnings/SlopeSenders/node_modules/@esbuild/linux-ia32'
121 silly reify ]
122 verbose reify failed optional dependency /Users/kellyjones-mbp/Documents/side-learnings/SlopeSenders/node_modules/@esbuild/linux-arm64
123 silly reify mark deleted [
123 silly reify   '/Users/kellyjones-mbp/Documents/side-learnings/SlopeSenders/node_modules/@esbuild/linux-arm64'
123 silly reify ]
124 verbose reify failed optional dependency /Users/kellyjones-mbp/Documents/side-learnings/SlopeSenders/node_modules/@esbuild/linux-arm
125 silly reify mark deleted [
125 silly reify   '/Users/kellyjones-mbp/Documents/side-learnings/SlopeSenders/node_modules/@esbuild/linux-arm'
125 silly reify ]
126 verbose reify failed optional dependency /Users/kellyjones-mbp/Documents/side-learnings/SlopeSenders/node_modules/@esbuild/freebsd-x64
127 silly reify mark deleted [
127 silly reify   '/Users/kellyjones-mbp/Documents/side-learnings/SlopeSenders/node_modules/@esbuild/freebsd-x64'
127 silly reify ]
128 verbose reify failed optional dependency /Users/kellyjones-mbp/Documents/side-learnings/SlopeSenders/node_modules/@esbuild/freebsd-arm64
129 silly reify mark deleted [
129 silly reify   '/Users/kellyjones-mbp/Documents/side-learnings/SlopeSenders/node_modules/@esbuild/freebsd-arm64'
129 silly reify ]
130 verbose reify failed optional dependency /Users/kellyjones-mbp/Documents/side-learnings/SlopeSenders/node_modules/@esbuild/darwin-x64
131 silly reify mark deleted [
131 silly reify   '/Users/kellyjones-mbp/Documents/side-learnings/SlopeSenders/node_modules/@esbuild/darwin-x64'
131 silly reify ]
132 verbose reify failed optional dependency /Users/kellyjones-mbp/Documents/side-learnings/SlopeSenders/node_modules/@esbuild/android-x64
133 silly reify mark deleted [
133 silly reify   '/Users/kellyjones-mbp/Documents/side-learnings/SlopeSenders/node_modules/@esbuild/android-x64'
133 silly reify ]
134 verbose reify failed optional dependency /Users/kellyjones-mbp/Documents/side-learnings/SlopeSenders/node_modules/@esbuild/android-arm64
135 silly reify mark deleted [
135 silly reify   '/Users/kellyjones-mbp/Documents/side-learnings/SlopeSenders/node_modules/@esbuild/android-arm64'
135 silly reify ]
136 verbose reify failed optional dependency /Users/kellyjones-mbp/Documents/side-learnings/SlopeSenders/node_modules/@esbuild/android-arm
137 silly reify mark deleted [
137 silly reify   '/Users/kellyjones-mbp/Documents/side-learnings/SlopeSenders/node_modules/@esbuild/android-arm'
137 silly reify ]
138 verbose reify failed optional dependency /Users/kellyjones-mbp/Documents/side-learnings/SlopeSenders/node_modules/@esbuild/aix-ppc64
139 silly reify mark deleted [
139 silly reify   '/Users/kellyjones-mbp/Documents/side-learnings/SlopeSenders/node_modules/@esbuild/aix-ppc64'
139 silly reify ]
140 http cache normalize-range@https://registry.npmjs.org/normalize-range/-/normalize-range-0.1.2.tgz 0ms (cache hit)
141 http cache autoprefixer@https://registry.npmjs.org/autoprefixer/-/autoprefixer-10.4.22.tgz 0ms (cache hit)
142 http cache tailwindcss@https://registry.npmjs.org/tailwindcss/-/tailwindcss-4.1.17.tgz 0ms (cache hit)
143 http cache fraction.js@https://registry.npmjs.org/fraction.js/-/fraction.js-5.3.4.tgz 0ms (cache hit)
144 http cache postcss-value-parser@https://registry.npmjs.org/postcss-value-parser/-/postcss-value-parser-4.2.0.tgz 0ms (cache hit)
145 http cache fsevents@https://registry.npmjs.org/fsevents/-/fsevents-2.3.3.tgz 0ms (cache hit)
146 silly tarball no local data for normalize-range@https://registry.npmjs.org/normalize-range/-/normalize-range-0.1.2.tgz. Extracting by manifest.
147 silly tarball no local data for autoprefixer@https://registry.npmjs.org/autoprefixer/-/autoprefixer-10.4.22.tgz. Extracting by manifest.
148 silly tarball no local data for tailwindcss@https://registry.npmjs.org/tailwindcss/-/tailwindcss-4.1.17.tgz. Extracting by manifest.
149 silly tarball no local data for fraction.js@https://registry.npmjs.org/fraction.js/-/fraction.js-5.3.4.tgz. Extracting by manifest.
150 silly tarball no local data for postcss-value-parser@https://registry.npmjs.org/postcss-value-parser/-/postcss-value-parser-4.2.0.tgz. Extracting by manifest.
151 silly tarball no local data for fsevents@https://registry.npmjs.org/fsevents/-/fsevents-2.3.3.tgz. Extracting by manifest.
152 http fetch GET 200 https://registry.npmjs.org/normalize-range/-/normalize-range-0.1.2.tgz 48ms (cache miss)
153 http fetch GET 200 https://registry.npmjs.org/autoprefixer/-/autoprefixer-10.4.22.tgz 70ms (cache miss)
154 http fetch GET 200 https://registry.npmjs.org/postcss-value-parser/-/postcss-value-parser-4.2.0.tgz 134ms (cache miss)
155 http fetch GET 200 https://registry.npmjs.org/fsevents/-/fsevents-2.3.3.tgz 138ms (cache miss)
156 http fetch GET 200 https://registry.npmjs.org/fraction.js/-/fraction.js-5.3.4.tgz 141ms (cache miss)
157 http fetch GET 200 https://registry.npmjs.org/tailwindcss/-/tailwindcss-4.1.17.tgz 151ms (cache miss)
158 http fetch POST 200 https://registry.npmjs.org/-/npm/v1/security/advisories/bulk 457ms
159 silly audit report {}
160 silly ADD node_modules/postcss-value-parser
161 silly ADD node_modules/normalize-range
162 silly ADD node_modules/fraction.js
163 silly ADD node_modules/tailwindcss
164 silly ADD node_modules/autoprefixer
165 silly ADD node_modules/fsevents
166 silly ADD
167 silly ADD
168 silly ADD
169 silly ADD
170 silly ADD
171 silly ADD
172 silly ADD
173 silly ADD
174 silly ADD
175 silly ADD
176 silly ADD
177 silly ADD
178 silly ADD
179 silly ADD
180 silly ADD
181 silly ADD
182 silly ADD
183 silly ADD
184 silly ADD
185 silly ADD
186 silly ADD
187 silly ADD
188 silly ADD
189 silly ADD
190 silly ADD
191 silly ADD
192 silly ADD
193 silly ADD
194 silly ADD
195 silly ADD
196 silly ADD
197 silly ADD
198 silly ADD
199 silly ADD
200 silly ADD
201 silly ADD
202 silly ADD
203 silly ADD
204 silly ADD
205 silly ADD
206 silly ADD
207 silly ADD
208 silly ADD
209 silly ADD
210 silly ADD
211 silly ADD
212 verbose cwd /Users/kellyjones-mbp/Documents/side-learnings/SlopeSenders
213 verbose os Darwin 25.0.0
214 verbose node v22.20.0
215 verbose npm  v10.9.3
216 notice
216 notice New major version of npm available! 10.9.3 -> 11.6.4
216 notice Changelog: https://github.com/npm/cli/releases/tag/v11.6.4
216 notice To update run: npm install -g npm@11.6.4
216 notice  { force: true, [Symbol(proc-log.meta)]: true }
217 verbose exit 0
218 info ok
